<?xml version="1.0" encoding="UTF-8"?>
<testsuite xmlns:xsi="http://www.w3.org/2001/XMLSchema-instance" xsi:noNamespaceSchemaLocation="https://maven.apache.org/surefire/maven-surefire-plugin/xsd/surefire-test-report-3.0.xsd" version="3.0" name="com.resume.analyzer.service.ProviderAndMatchingServiceTest" time="1.658" tests="4" errors="0" skipped="0" failures="0">
  <properties>
[...]
</properties>
  <testcase name="jSearchUsesFallbackJobsWhenApiKeyIsMissing" classname="com.resume.analyzer.service.ProviderAndMatchingServiceTest" time="1.468">
    <system-err><![CDATA[JSearch API key missing; using resume-based fallback jobs.
]]></system-err>
  </testcase>
  <testcase name="matchingResultsUseTheCurrentResumeSkills" classname="com.resume.analyzer.service.ProviderAndMatchingServiceTest" time="0.055"/>
  <testcase name="jSearchReadsJobsFromSearchV2NestedData" classname="com.resume.analyzer.service.ProviderAndMatchingServiceTest" time="0.05"/>
  <testcase name="ollamaFailsClearlyWhenResumeTextIsMissing" classname="com.resume.analyzer.service.ProviderAndMatchingServiceTest" time="0.017"/>
</testsuite>